<?xml version="1.0" encoding="UTF-8"?>
<testsuite xmlns:xsi="http://www.w3.org/2001/XMLSchema-instance" xsi:noNamespaceSchemaLocation="https://maven.apache.org/surefire/maven-surefire-plugin/xsd/surefire-test-report-3.0.xsd" version="3.0" name="com.runner.TestRunner" time="11.696" tests="1" errors="0" skipped="0" failures="1">
  <properties>
[...]
</properties>
  <testcase name="Verify user is able to place an order" classname="Payment functionality" time="10.623">
    <failure message="expected:&lt;...K YOU FOR YOUR ORDER[1]&gt; but was:&lt;...K YOU FOR YOUR ORDER[]&gt;" type="org.junit.ComparisonFailure"><![CDATA[org.junit.ComparisonFailure: expected:<...K YOU FOR YOUR ORDER[1]> but was:<...K YOU FOR YOUR ORDER[]>
	at org.junit.Assert.assertEquals(Assert.java:115)
	at org.junit.Assert.assertEquals(Assert.java:144)
	at com.helper.Base.ValidateText(Base.java:189)
	at com.pages.PaymentPage.validateOrderConfirmation(PaymentPage.java:37)
	at com.StepDefinations.PaymentPageSteps.validate_the_sucess_message(PaymentPageSteps.java:40)
	at ✽.validate the sucess message "THANK YOU FOR YOUR ORDER1"(file:///D:/AutomationSelenium/com.TestAutomationFramework/src/test/java/com/features/Payment.feature:11)
]]></failure>
    <system-err><![CDATA[Aug 24, 2024 4:03:50 PM org.openqa.selenium.devtools.CdpVersionFinder findNearestMatch
WARNING: Unable to find an exact match for CDP version 128, returning the closest version; found: 127; Please update to a Selenium version that supports CDP version 128
]]></system-err>
  </testcase>
</testsuite>